0 info it worked if it ends with ok
1 verbose cli [ '/usr/local/bin/node',
1 verbose cli   '/usr/local/bin/npm',
1 verbose cli   'install',
1 verbose cli   'bodyparser',
1 verbose cli   'method-override' ]
2 info using npm@3.7.3
3 info using node@v5.8.0
4 silly loadCurrentTree Starting
5 silly install loadCurrentTree
6 silly install readLocalPackageData
7 silly fetchPackageMetaData bodyparser
8 silly fetchPackageMetaData method-override
9 silly fetchNamedPackageData bodyparser
10 silly mapToRegistry name bodyparser
11 silly mapToRegistry using default registry
12 silly mapToRegistry registry https://registry.npmjs.org/
13 silly mapToRegistry uri https://registry.npmjs.org/bodyparser
14 silly fetchNamedPackageData method-override
15 silly mapToRegistry name method-override
16 silly mapToRegistry using default registry
17 silly mapToRegistry registry https://registry.npmjs.org/
18 silly mapToRegistry uri https://registry.npmjs.org/method-override
19 verbose request uri https://registry.npmjs.org/bodyparser
20 verbose request no auth needed
21 info attempt registry request try #1 at 5:06:27 PM
22 verbose request id fbbfb96944b1abee
23 http request GET https://registry.npmjs.org/bodyparser
24 verbose request uri https://registry.npmjs.org/method-override
25 verbose request no auth needed
26 info attempt registry request try #1 at 5:06:27 PM
27 http request GET https://registry.npmjs.org/method-override
28 http 200 https://registry.npmjs.org/method-override
29 verbose headers { server: 'CouchDB/1.5.0 (Erlang OTP/R16B03)',
29 verbose headers   etag: '"70VTGF9C4611F6XGQFBQ7AK14"',
29 verbose headers   'content-type': 'application/json',
29 verbose headers   'content-encoding': 'gzip',
29 verbose headers   'cache-control': 'max-age=300',
29 verbose headers   'content-length': '6703',
29 verbose headers   'accept-ranges': 'bytes',
29 verbose headers   date: 'Mon, 24 Oct 2016 17:06:27 GMT',
29 verbose headers   via: '1.1 varnish',
29 verbose headers   age: '16',
29 verbose headers   connection: 'keep-alive',
29 verbose headers   'x-served-by': 'cache-sea1920-SEA',
29 verbose headers   'x-cache': 'HIT',
29 verbose headers   'x-cache-hits': '2',
29 verbose headers   'x-timer': 'S1477328787.101554,VS0,VE0',
29 verbose headers   vary: 'Accept-Encoding' }
30 silly get cb [ 200,
30 silly get   { server: 'CouchDB/1.5.0 (Erlang OTP/R16B03)',
30 silly get     etag: '"70VTGF9C4611F6XGQFBQ7AK14"',
30 silly get     'content-type': 'application/json',
30 silly get     'content-encoding': 'gzip',
30 silly get     'cache-control': 'max-age=300',
30 silly get     'content-length': '6703',
30 silly get     'accept-ranges': 'bytes',
30 silly get     date: 'Mon, 24 Oct 2016 17:06:27 GMT',
30 silly get     via: '1.1 varnish',
30 silly get     age: '16',
30 silly get     connection: 'keep-alive',
30 silly get     'x-served-by': 'cache-sea1920-SEA',
30 silly get     'x-cache': 'HIT',
30 silly get     'x-cache-hits': '2',
30 silly get     'x-timer': 'S1477328787.101554,VS0,VE0',
30 silly get     vary: 'Accept-Encoding' } ]
31 verbose get saving method-override to /root/.npm/registry.npmjs.org/method-override/.cache.json
32 verbose correctMkdir /root/.npm correctMkdir not in flight; initializing
33 http 404 https://registry.npmjs.org/bodyparser
34 verbose headers { 'content-type': 'application/json',
34 verbose headers   'cache-control': 'max-age=0',
34 verbose headers   'content-length': '2',
34 verbose headers   'accept-ranges': 'bytes',
34 verbose headers   date: 'Mon, 24 Oct 2016 17:06:27 GMT',
34 verbose headers   via: '1.1 varnish',
34 verbose headers   age: '0',
34 verbose headers   connection: 'keep-alive',
34 verbose headers   'x-served-by': 'cache-sea1923-SEA',
34 verbose headers   'x-cache': 'MISS',
34 verbose headers   'x-cache-hits': '0',
34 verbose headers   'x-timer': 'S1477328787.103452,VS0,VE82',
34 verbose headers   vary: 'Accept-Encoding' }
35 silly get cb [ 404,
35 silly get   { 'content-type': 'application/json',
35 silly get     'cache-control': 'max-age=0',
35 silly get     'content-length': '2',
35 silly get     'accept-ranges': 'bytes',
35 silly get     date: 'Mon, 24 Oct 2016 17:06:27 GMT',
35 silly get     via: '1.1 varnish',
35 silly get     age: '0',
35 silly get     connection: 'keep-alive',
35 silly get     'x-served-by': 'cache-sea1923-SEA',
35 silly get     'x-cache': 'MISS',
35 silly get     'x-cache-hits': '0',
35 silly get     'x-timer': 'S1477328787.103452,VS0,VE82',
35 silly get     vary: 'Accept-Encoding' } ]
36 silly fetchPackageMetaData Error: Registry returned 404 for GET on https://registry.npmjs.org/bodyparser
36 silly fetchPackageMetaData     at makeError (/usr/local/lib/node_modules/npm/node_modules/npm-registry-client/lib/request.js:264:12)
36 silly fetchPackageMetaData     at CachingRegistryClient.<anonymous> (/usr/local/lib/node_modules/npm/node_modules/npm-registry-client/lib/request.js:242:14)
36 silly fetchPackageMetaData     at Request._callback (/usr/local/lib/node_modules/npm/node_modules/npm-registry-client/lib/request.js:172:14)
36 silly fetchPackageMetaData     at Request.self.callback (/usr/local/lib/node_modules/npm/node_modules/request/request.js:199:22)
36 silly fetchPackageMetaData     at emitTwo (events.js:100:13)
36 silly fetchPackageMetaData     at Request.emit (events.js:185:7)
36 silly fetchPackageMetaData     at Request.<anonymous> (/usr/local/lib/node_modules/npm/node_modules/request/request.js:1036:10)
36 silly fetchPackageMetaData     at emitOne (events.js:95:20)
36 silly fetchPackageMetaData     at Request.emit (events.js:182:7)
36 silly fetchPackageMetaData     at IncomingMessage.<anonymous> (/usr/local/lib/node_modules/npm/node_modules/request/request.js:963:12)
36 silly fetchPackageMetaData  error for bodyparser { [Error: Registry returned 404 for GET on https://registry.npmjs.org/bodyparser] pkgid: 'bodyparser', statusCode: 404, code: 'E404' }
37 silly rollbackFailedOptional Starting
38 silly rollbackFailedOptional Finishing
39 silly runTopLevelLifecycles Starting
40 silly runTopLevelLifecycles Finishing
41 silly install printInstalled
42 verbose stack Error: Registry returned 404 for GET on https://registry.npmjs.org/bodyparser
42 verbose stack     at makeError (/usr/local/lib/node_modules/npm/node_modules/npm-registry-client/lib/request.js:264:12)
42 verbose stack     at CachingRegistryClient.<anonymous> (/usr/local/lib/node_modules/npm/node_modules/npm-registry-client/lib/request.js:242:14)
42 verbose stack     at Request._callback (/usr/local/lib/node_modules/npm/node_modules/npm-registry-client/lib/request.js:172:14)
42 verbose stack     at Request.self.callback (/usr/local/lib/node_modules/npm/node_modules/request/request.js:199:22)
42 verbose stack     at emitTwo (events.js:100:13)
42 verbose stack     at Request.emit (events.js:185:7)
42 verbose stack     at Request.<anonymous> (/usr/local/lib/node_modules/npm/node_modules/request/request.js:1036:10)
42 verbose stack     at emitOne (events.js:95:20)
42 verbose stack     at Request.emit (events.js:182:7)
42 verbose stack     at IncomingMessage.<anonymous> (/usr/local/lib/node_modules/npm/node_modules/request/request.js:963:12)
43 verbose statusCode 404
44 verbose pkgid bodyparser
45 verbose cwd /home/ec2-user/ame394Fall2016/dbExample
46 error Linux 4.1.17-22.30.amzn1.x86_64
47 error argv "/usr/local/bin/node" "/usr/local/bin/npm" "install" "bodyparser" "method-override"
48 error node v5.8.0
49 error npm  v3.7.3
50 error code E404
51 error 404 Registry returned 404 for GET on https://registry.npmjs.org/bodyparser
52 error 404
53 error 404 'bodyparser' is not in the npm registry.
54 error 404 You should bug the author to publish it (or use the name yourself!)
55 error 404 Note that you can also install from a
56 error 404 tarball, folder, http url, or git url.
57 verbose exit [ 1, true ]
